<?xml version="1.0" encoding="UTF-8"?>
<!-- Generated by org.testng.reporters.JUnitXMLReporter -->
<testsuite ignored="0" hostname="DESKTOP-7HNCNR4" failures="0" tests="4" name="Default test" time="39.394" errors="0" timestamp="11 Sep 2021 05:50:08 GMT">
  <testcase classname="com.Orangehrm.login.Login_ifelseif" name="Login" time="14.52"/>
  <testcase classname="com.Orangehrm.login.Login_ifelseif" name="myinfo" time="1.798"/>
  <testcase classname="com.Orangehrm.login.Login_ifelseif" name="dropdown" time="4.057"/>
  <testcase classname="com.Orangehrm.login.Login_ifelseif" name="marital" time="0.255"/>
</testsuite> <!-- Default test -->
