<?xml version="1.0" encoding="UTF-8"?>
<testng-results ignored="0" total="4" passed="4" failed="0" skipped="0">
  <reporter-output>
  </reporter-output>
  <suite started-at="2021-09-11T05:49:29Z" name="Default suite" finished-at="2021-09-11T05:50:08Z" duration-ms="39394">
    <groups>
    </groups>
    <test started-at="2021-09-11T05:49:29Z" name="Default test" finished-at="2021-09-11T05:50:08Z" duration-ms="39394">
      <class name="com.Orangehrm.login.Login_ifelseif">
        <test-method is-config="true" signature="beforeTest()[pri:0, instance:com.Orangehrm.login.Login_ifelseif@398dada8]" started-at="2021-09-11T05:49:29Z" name="beforeTest" finished-at="2021-09-11T05:49:41Z" duration-ms="12559" status="PASS">
          <reporter-output>
          </reporter-output>
        </test-method> <!-- beforeTest -->
        <test-method signature="Login()[pri:2, instance:com.Orangehrm.login.Login_ifelseif@398dada8]" started-at="2021-09-11T05:49:41Z" name="Login" finished-at="2021-09-11T05:49:56Z" duration-ms="14520" status="PASS">
          <reporter-output>
          </reporter-output>
        </test-method> <!-- Login -->
        <test-method signature="myinfo()[pri:3, instance:com.Orangehrm.login.Login_ifelseif@398dada8]" started-at="2021-09-11T05:49:56Z" name="myinfo" finished-at="2021-09-11T05:49:58Z" duration-ms="1798" status="PASS">
          <reporter-output>
          </reporter-output>
        </test-method> <!-- myinfo -->
        <test-method signature="dropdown()[pri:4, instance:com.Orangehrm.login.Login_ifelseif@398dada8]" started-at="2021-09-11T05:49:58Z" name="dropdown" finished-at="2021-09-11T05:50:02Z" duration-ms="4057" status="PASS">
          <reporter-output>
          </reporter-output>
        </test-method> <!-- dropdown -->
        <test-method signature="marital()[pri:5, instance:com.Orangehrm.login.Login_ifelseif@398dada8]" started-at="2021-09-11T05:50:02Z" name="marital" finished-at="2021-09-11T05:50:02Z" duration-ms="255" status="PASS">
          <reporter-output>
          </reporter-output>
        </test-method> <!-- marital -->
        <test-method is-config="true" signature="afterTest()[pri:0, instance:com.Orangehrm.login.Login_ifelseif@398dada8]" started-at="2021-09-11T05:50:02Z" name="afterTest" finished-at="2021-09-11T05:50:08Z" duration-ms="6157" status="PASS">
          <reporter-output>
          </reporter-output>
        </test-method> <!-- afterTest -->
      </class> <!-- com.Orangehrm.login.Login_ifelseif -->
    </test> <!-- Default test -->
  </suite> <!-- Default suite -->
</testng-results>
